2022-01-17 11:09:27,938  INFO [main] outstationStepDef:14 - URL Opened
2022-01-17 11:09:29,085  INFO [main] outstationStepDef:14 - car rental is clicked in page rental
2022-01-17 11:09:36,020  INFO [main] outstationStepDef:14 - name is clicked in page name
2022-01-17 11:09:36,975  INFO [main] outstationStepDef:14 - name is send in page name
2022-01-17 11:09:38,180  INFO [main] outstationStepDef:14 - company name is clicked in page compname
2022-01-17 11:09:39,152  INFO [main] outstationStepDef:14 - company name is send in page compname
2022-01-17 11:09:40,334  INFO [main] outstationStepDef:14 - email is clicked in page email
2022-01-17 11:09:41,380  INFO [main] outstationStepDef:14 - email is send in page email
2022-01-17 11:09:42,517  INFO [main] outstationStepDef:14 - phone no is clicked in page phoneno
2022-01-17 11:09:43,490  INFO [main] outstationStepDef:14 - phone no is send in page phoneno
2022-01-17 11:09:44,823  INFO [main] outstationStepDef:14 - submit is clicked in page submit
2022-01-17 11:10:05,958  INFO [main] outstationStepDef:14 - result detail shown 
2022-01-17 11:10:07,085  INFO [main] outstationStepDef:14 - home page is clicked in page home page
2022-01-17 11:10:18,883  INFO [main] validpageStepDef:14 - URL Opened
2022-01-17 11:10:19,921  INFO [main] validpageStepDef:14 - One way cab is clicked in page onewaycab
2022-01-17 11:10:33,203  INFO [main] validpageStepDef:14 - chennaitab is clicked in page chennai
2022-01-17 11:10:35,919  INFO [main] validpageStepDef:14 - trl is clicked in page trl
2022-01-17 11:10:45,749  INFO [main] validpageStepDef:14 - home page is clicked in page home page
2022-01-17 11:10:57,735  INFO [main] validpageStepDef:14 - URL Opened
2022-01-17 11:10:58,666  INFO [main] validpageStepDef:14 - signin is clicked in page home page
2022-01-17 11:11:04,365  INFO [main] validpageStepDef:14 - Email field is send in page Account Log in
2022-01-17 11:11:05,062  INFO [main] validpageStepDef:14 - password field is send in page Account Log in
2022-01-17 11:11:05,826  INFO [main] validpageStepDef:14 - sign in button is clicked in page Account Log in
2022-01-17 11:11:06,520  INFO [main] validpageStepDef:14 - Successfully logged in
2022-01-17 11:11:18,411  INFO [main] outstationStepDef:14 - URL Opened
2022-01-17 11:11:19,259  INFO [main] outstationStepDef:14 - signin is clicked in page home page
2022-01-17 11:11:24,997  INFO [main] outstationStepDef:14 - Email field is send in page Account Log in
2022-01-17 11:11:25,701  INFO [main] outstationStepDef:14 - password field is send in page Account Log in
2022-01-17 11:11:26,591  INFO [main] outstationStepDef:14 - sign in button is clicked in page Account Log in
2022-01-17 11:11:27,572  INFO [main] outstationStepDef:14 - img is clicked in page img
2022-01-17 11:11:30,514  INFO [main] outstationStepDef:14 - bookings is clicked in page bookings
2022-01-17 11:11:33,659  INFO [main] outstationStepDef:14 - cancelled is clicked in page cancelled
2022-01-17 11:11:36,257  INFO [main] outstationStepDef:14 - completed is clicked in page completed
2022-01-17 11:11:38,528 ERROR [main] outstationStepDef:21 - booknow is not able clicked in page booknow
2022-01-17 11:11:49,648  INFO [main] validpageStepDef:14 - URL Opened
2022-01-17 11:11:50,575  INFO [main] validpageStepDef:14 - airport is clicked in page airport
2022-01-17 11:11:51,722  INFO [main] validpageStepDef:14 - from place is clicked in page from
2022-01-17 11:11:52,595  INFO [main] validpageStepDef:14 - place is send in page from
2022-01-17 11:11:53,506  INFO [main] validpageStepDef:14 - from is clicked in page from
2022-01-17 11:11:54,702  INFO [main] validpageStepDef:14 - dropaddress is clicked in page address
2022-01-17 11:11:55,585  INFO [main] validpageStepDef:14 - dropaddress is send in page address
2022-01-17 11:11:58,613  INFO [main] validpageStepDef:14 - dropaddress is clicked in page address
2022-01-17 11:12:01,543  INFO [main] validpageStepDef:14 - selected is clicked in page select
2022-01-17 11:12:04,521  INFO [main] validpageStepDef:14 - select car is clicked in page select
2022-01-17 11:12:16,862  INFO [main] downloadappStepDef:14 - URL Opened
2022-01-17 11:12:17,808  INFO [main] downloadappStepDef:14 - playstore is clicked in page playstore
2022-01-17 11:12:23,340  INFO [main] downloadappStepDef:14 - playsrore detail shown 
2022-01-17 11:12:24,214  INFO [main] downloadappStepDef:14 - home page is clicked in page home page
2022-01-17 11:12:36,492  INFO [main] validpageStepDef:14 - URL Opened
2022-01-17 11:12:37,401  INFO [main] validpageStepDef:14 - local is clicked in page local
2022-01-17 11:12:38,304  INFO [main] validpageStepDef:14 - from place is clicked in page from
2022-01-17 11:12:39,094  INFO [main] validpageStepDef:14 - place is send in page from
2022-01-17 11:12:42,159  INFO [main] validpageStepDef:14 - selected is clicked in page select
2022-01-17 11:12:44,765  INFO [main] validpageStepDef:14 - time is clicked in page time
2022-01-17 11:12:46,318  INFO [main] validpageStepDef:14 - select car is clicked in page select
2022-01-17 11:12:46,842  INFO [main] validpageStepDef:14 - booking detail shown 
2022-01-17 11:12:47,655  INFO [main] validpageStepDef:14 - home page is clicked in page home page
2022-01-17 11:12:59,245  INFO [main] outstationStepDef:14 - URL Opened
2022-01-17 11:13:00,097  INFO [main] outstationStepDef:14 - from place is clicked in page from
2022-01-17 11:13:00,870  INFO [main] outstationStepDef:14 - place is send in page from
2022-01-17 11:13:01,733  INFO [main] outstationStepDef:14 - place is clicked in page to
2022-01-17 11:13:02,507  INFO [main] outstationStepDef:14 - place is send in page to
2022-01-17 11:13:03,362  INFO [main] outstationStepDef:14 - place is clicked in page to
2022-01-17 11:13:08,532  INFO [main] outstationStepDef:14 - selected is clicked in page select
2022-01-17 11:13:10,892  INFO [main] outstationStepDef:14 - Successfully verified
2022-01-17 11:13:13,780  INFO [main] outstationStepDef:14 - home page is clicked in page home page
2022-01-17 11:13:28,499  INFO [main] validpageStepDef:14 - URL Opened
2022-01-17 11:13:31,421  INFO [main] validpageStepDef:14 - round is clicked in page round
2022-01-17 11:13:32,374  INFO [main] validpageStepDef:14 - from place is clicked in page from
2022-01-17 11:13:33,172  INFO [main] validpageStepDef:14 - place is send in page from
2022-01-17 11:13:34,049  INFO [main] validpageStepDef:14 - place is clicked in page to
2022-01-17 11:13:35,115  INFO [main] validpageStepDef:14 - place is send in page to
2022-01-17 11:13:36,123  INFO [main] validpageStepDef:14 - place is clicked in page to
2022-01-17 11:13:41,718  INFO [main] validpageStepDef:14 - selected is clicked in page select
2022-01-17 11:13:44,753  INFO [main] validpageStepDef:14 - select car is clicked in page select
2022-01-17 11:13:45,665  INFO [main] validpageStepDef:14 - booking detail shown 
2022-01-17 11:13:46,465  INFO [main] validpageStepDef:14 - home page is clicked in page home page
2022-01-17 11:13:58,150  INFO [main] validpageStepDef:14 - URL Opened
2022-01-17 11:13:58,724  INFO [main] validpageStepDef:14 - Page opend with title Book Outstation Cabs, Local & Airport Taxi Service - India's Leading Car Rentals
