2022-01-17 17:00:34,614  INFO [main] outstationStepDef:14 - URL Opened
2022-01-17 17:00:35,931  INFO [main] outstationStepDef:14 - car rental is clicked in page rental
2022-01-17 17:00:42,840  INFO [main] outstationStepDef:14 - clicked the name is clicked in page name
2022-01-17 17:00:43,894  INFO [main] outstationStepDef:14 - entered name is send in page name
2022-01-17 17:00:45,164  INFO [main] outstationStepDef:14 - clicked company name is clicked in page compname
2022-01-17 17:00:46,136  INFO [main] outstationStepDef:14 - entered company name is send in page compname
2022-01-17 17:00:47,323  INFO [main] outstationStepDef:14 - clicked email is clicked in page email
2022-01-17 17:00:48,401  INFO [main] outstationStepDef:14 - entered email is send in page email
2022-01-17 17:00:49,554  INFO [main] outstationStepDef:14 - clicked phone no is clicked in page phoneno
2022-01-17 17:00:50,510  INFO [main] outstationStepDef:14 - entered phone no is send in page phoneno
2022-01-17 17:00:51,830  INFO [main] outstationStepDef:14 - submit is clicked in page submit
2022-01-17 17:01:12,864  INFO [main] outstationStepDef:14 - result detail shown 
2022-01-17 17:01:14,045  INFO [main] outstationStepDef:14 - home page is clicked in page home page
2022-01-17 17:01:25,697  INFO [main] validpageStepDef:14 - URL Opened
2022-01-17 17:01:26,741  INFO [main] validpageStepDef:14 - One way cab is clicked in page onewaycab
2022-01-17 17:01:40,002  INFO [main] validpageStepDef:14 - chennaitab is clicked in page chennai
2022-01-17 17:01:42,752  INFO [main] validpageStepDef:14 - trl is clicked in page trl
2022-01-17 17:01:52,587  INFO [main] validpageStepDef:14 - home page is clicked in page home page
2022-01-17 17:02:03,669  INFO [main] validpageStepDef:14 - URL Opened
2022-01-17 17:02:04,598  INFO [main] validpageStepDef:14 - signin is clicked in page home page
2022-01-17 17:02:10,449  INFO [main] validpageStepDef:14 - entered Email is send in page Account Log in
2022-01-17 17:02:11,088  INFO [main] validpageStepDef:14 - entered password is send in page Account Log in
2022-01-17 17:02:11,905  INFO [main] validpageStepDef:14 - sign in button is clicked in page Account Log in
2022-01-17 17:02:12,590  INFO [main] validpageStepDef:14 - login verified
2022-01-17 17:02:23,964  INFO [main] outstationStepDef:14 - URL Opened
2022-01-17 17:02:24,887  INFO [main] outstationStepDef:14 - signin is clicked in page home page
2022-01-17 17:02:30,654  INFO [main] outstationStepDef:14 - Email entered  is send in page Account Log in
2022-01-17 17:02:31,325  INFO [main] outstationStepDef:14 - password entered is send in page Account Log in
2022-01-17 17:02:32,072  INFO [main] outstationStepDef:14 - sign in button is clicked in page Account Log in
2022-01-17 17:02:32,982  INFO [main] outstationStepDef:14 - img is clicked in page img
2022-01-17 17:02:35,924  INFO [main] outstationStepDef:14 - logout is clicked in page logout
2022-01-17 17:02:36,649  INFO [main] outstationStepDef:14 - Signed out
2022-01-17 17:02:47,535  INFO [main] validpageStepDef:14 - URL Opened
2022-01-17 17:02:48,486  INFO [main] validpageStepDef:14 - airport is clicked in page airport
2022-01-17 17:02:49,673  INFO [main] validpageStepDef:14 - from place is clicked in page from
2022-01-17 17:02:50,570  INFO [main] validpageStepDef:14 - place is send in page from
2022-01-17 17:02:51,568  INFO [main] validpageStepDef:14 - from is clicked in page from
2022-01-17 17:02:52,675  INFO [main] validpageStepDef:14 - dropaddress is clicked in page address
2022-01-17 17:02:53,540  INFO [main] validpageStepDef:14 - dropaddress is send in page address
2022-01-17 17:02:56,743  INFO [main] validpageStepDef:14 - dropaddress is clicked in page address
2022-01-17 17:02:59,863  INFO [main] validpageStepDef:14 - selected is clicked in page select
2022-01-17 17:03:02,883  INFO [main] validpageStepDef:14 - select car is clicked in page select
2022-01-17 17:03:03,437  INFO [main] validpageStepDef:14 - booking detail displayed 
2022-01-17 17:03:04,357  INFO [main] validpageStepDef:14 - home page is clicked in page home page
2022-01-17 17:03:16,196  INFO [main] downloadappStepDef:14 - URL Opened
2022-01-17 17:03:17,088  INFO [main] downloadappStepDef:14 - playstore is clicked in page playstore
2022-01-17 17:03:23,128  INFO [main] downloadappStepDef:14 - went to download
2022-01-17 17:03:23,999  INFO [main] downloadappStepDef:14 - home page is clicked in page home page
2022-01-17 17:03:35,716  INFO [main] validpageStepDef:14 - URL Opened
2022-01-17 17:03:36,835  INFO [main] validpageStepDef:14 - local is clicked in page local
2022-01-17 17:03:37,768  INFO [main] validpageStepDef:14 - from place is clicked in page from
2022-01-17 17:03:38,663  INFO [main] validpageStepDef:14 - place selected is send in page from
2022-01-17 17:03:41,715  INFO [main] validpageStepDef:14 - got selected is clicked in page select
2022-01-17 17:03:44,344  INFO [main] validpageStepDef:14 - time is clicked in page time
2022-01-17 17:03:45,284  INFO [main] validpageStepDef:14 - select car is clicked in page select
2022-01-17 17:03:46,196  INFO [main] validpageStepDef:14 - booking detail displayed 
2022-01-17 17:03:47,099  INFO [main] validpageStepDef:14 - home page is clicked in page home page
2022-01-17 17:03:59,380  INFO [main] outstationStepDef:14 - URL Opened
2022-01-17 17:04:00,264  INFO [main] outstationStepDef:14 - from place is clicked in page from
2022-01-17 17:04:01,099  INFO [main] outstationStepDef:14 - place selected is send in page from
2022-01-17 17:04:02,007  INFO [main] outstationStepDef:14 - place is clicked in page to
2022-01-17 17:04:02,748  INFO [main] outstationStepDef:14 - place selected. is send in page to
2022-01-17 17:04:03,599  INFO [main] outstationStepDef:14 - place is clicked in page to
2022-01-17 17:04:08,701  INFO [main] outstationStepDef:14 - selected is clicked in page select
2022-01-17 17:04:11,034  INFO [main] outstationStepDef:14 - verified uccessfully
2022-01-17 17:04:13,863  INFO [main] outstationStepDef:14 - home page is clicked in page home page
2022-01-17 17:04:27,756  INFO [main] validpageStepDef:14 - URL Opened
2022-01-17 17:04:30,655  INFO [main] validpageStepDef:14 - round is clicked in page round
2022-01-17 17:04:31,546  INFO [main] validpageStepDef:14 - from place is clicked in page from
2022-01-17 17:04:32,412  INFO [main] validpageStepDef:14 - place selected is send in page from
2022-01-17 17:04:33,315  INFO [main] validpageStepDef:14 - place is clicked in page to
2022-01-17 17:04:34,190  INFO [main] validpageStepDef:14 - place selected. is send in page to
2022-01-17 17:04:35,095  INFO [main] validpageStepDef:14 - place is clicked in page to
2022-01-17 17:04:40,412  INFO [main] validpageStepDef:14 - selected is clicked in page select
2022-01-17 17:04:43,490  INFO [main] validpageStepDef:14 - select car is clicked in page select
2022-01-17 17:04:44,552  INFO [main] validpageStepDef:14 - booking detail is displayed
2022-01-17 17:04:45,436  INFO [main] validpageStepDef:14 - home page is clicked in page home page
2022-01-17 17:04:57,751  INFO [main] validpageStepDef:14 - URL Opened
2022-01-17 17:04:58,319  INFO [main] validpageStepDef:14 - Page opend with title Book Outstation Cabs, Local & Airport Taxi Service - India's Leading Car Rentals
