2022-01-17 15:15:41,940  INFO [main] outstationStepDef:14 - URL Opened
2022-01-17 15:15:43,476  INFO [main] outstationStepDef:14 - car rental is clicked in page rental
2022-01-17 15:15:50,555  INFO [main] outstationStepDef:14 - name is clicked in page name
2022-01-17 15:15:51,536  INFO [main] outstationStepDef:14 - name is send in page name
2022-01-17 15:15:52,697  INFO [main] outstationStepDef:14 - company name is clicked in page compname
2022-01-17 15:15:53,671  INFO [main] outstationStepDef:14 - company name is send in page compname
2022-01-17 15:15:54,833  INFO [main] outstationStepDef:14 - email is clicked in page email
2022-01-17 15:15:55,915  INFO [main] outstationStepDef:14 - email is send in page email
2022-01-17 15:15:57,068  INFO [main] outstationStepDef:14 - phone no is clicked in page phoneno
2022-01-17 15:15:58,062  INFO [main] outstationStepDef:14 - phone no is send in page phoneno
2022-01-17 15:15:59,499  INFO [main] outstationStepDef:14 - submit is clicked in page submit
2022-01-17 15:16:20,721  INFO [main] outstationStepDef:14 - result detail shown 
2022-01-17 15:16:22,049  INFO [main] outstationStepDef:14 - home page is clicked in page home page
2022-01-17 15:16:35,080  INFO [main] validpageStepDef:14 - URL Opened
2022-01-17 15:16:36,248  INFO [main] validpageStepDef:14 - One way cab is clicked in page onewaycab
2022-01-17 15:16:49,636  INFO [main] validpageStepDef:14 - chennaitab is clicked in page chennai
2022-01-17 15:16:52,447  INFO [main] validpageStepDef:14 - trl is clicked in page trl
2022-01-17 15:17:02,375  INFO [main] validpageStepDef:14 - home page is clicked in page home page
2022-01-17 15:17:15,614  INFO [main] validpageStepDef:14 - URL Opened
2022-01-17 15:17:16,816  INFO [main] validpageStepDef:14 - signin is clicked in page home page
2022-01-17 15:17:22,606  INFO [main] validpageStepDef:14 - Email field is send in page Account Log in
2022-01-17 15:17:23,237  INFO [main] validpageStepDef:14 - password field is send in page Account Log in
2022-01-17 15:17:24,066  INFO [main] validpageStepDef:14 - sign in button is clicked in page Account Log in
2022-01-17 15:17:24,752  INFO [main] validpageStepDef:14 - Successfully logged in
2022-01-17 15:17:36,519  INFO [main] outstationStepDef:14 - URL Opened
2022-01-17 15:17:37,502  INFO [main] outstationStepDef:14 - signin is clicked in page home page
2022-01-17 15:17:43,420  INFO [main] outstationStepDef:14 - Email field is send in page Account Log in
2022-01-17 15:17:44,028  INFO [main] outstationStepDef:14 - password field is send in page Account Log in
2022-01-17 15:17:44,883  INFO [main] outstationStepDef:14 - sign in button is clicked in page Account Log in
2022-01-17 15:17:45,803  INFO [main] outstationStepDef:14 - img is clicked in page img
2022-01-17 15:17:48,828  INFO [main] outstationStepDef:14 - logout is clicked in page logout
2022-01-17 15:17:49,636  INFO [main] outstationStepDef:14 - Signed out sucessfully 
2022-01-17 15:18:02,062  INFO [main] validpageStepDef:14 - URL Opened
2022-01-17 15:18:03,036  INFO [main] validpageStepDef:14 - airport is clicked in page airport
2022-01-17 15:18:04,311  INFO [main] validpageStepDef:14 - from place is clicked in page from
2022-01-17 15:18:05,168  INFO [main] validpageStepDef:14 - place is send in page from
2022-01-17 15:18:06,089  INFO [main] validpageStepDef:14 - from is clicked in page from
2022-01-17 15:18:07,266  INFO [main] validpageStepDef:14 - dropaddress is clicked in page address
2022-01-17 15:18:08,295  INFO [main] validpageStepDef:14 - dropaddress is send in page address
2022-01-17 15:18:11,487  INFO [main] validpageStepDef:14 - dropaddress is clicked in page address
2022-01-17 15:18:14,648  INFO [main] validpageStepDef:14 - selected is clicked in page select
2022-01-17 15:18:17,647  INFO [main] validpageStepDef:14 - select car is clicked in page select
2022-01-17 15:18:18,616  INFO [main] validpageStepDef:14 - booking detail shown 
2022-01-17 15:18:19,490  INFO [main] validpageStepDef:14 - home page is clicked in page home page
2022-01-17 15:18:31,183  INFO [main] downloadappStepDef:14 - URL Opened
2022-01-17 15:18:32,455  INFO [main] downloadappStepDef:14 - playstore is clicked in page playstore
2022-01-17 15:18:39,323  INFO [main] downloadappStepDef:14 - playsrore detail shown 
2022-01-17 15:18:40,173  INFO [main] downloadappStepDef:14 - home page is clicked in page home page
2022-01-17 15:18:52,241  INFO [main] validpageStepDef:14 - URL Opened
2022-01-17 15:18:53,246  INFO [main] validpageStepDef:14 - local is clicked in page local
2022-01-17 15:18:54,251  INFO [main] validpageStepDef:14 - from place is clicked in page from
2022-01-17 15:18:55,147  INFO [main] validpageStepDef:14 - place is send in page from
2022-01-17 15:18:58,365  INFO [main] validpageStepDef:14 - selected is clicked in page select
2022-01-17 15:19:00,994  INFO [main] validpageStepDef:14 - time is clicked in page time
2022-01-17 15:19:02,041  INFO [main] validpageStepDef:14 - select car is clicked in page select
2022-01-17 15:19:02,865  INFO [main] validpageStepDef:14 - booking detail shown 
2022-01-17 15:19:04,831  INFO [main] validpageStepDef:14 - home page is clicked in page home page
2022-01-17 15:19:17,209  INFO [main] outstationStepDef:14 - URL Opened
2022-01-17 15:19:18,158  INFO [main] outstationStepDef:14 - from place is clicked in page from
2022-01-17 15:19:19,094  INFO [main] outstationStepDef:14 - place is send in page from
2022-01-17 15:19:20,002  INFO [main] outstationStepDef:14 - place is clicked in page to
2022-01-17 15:19:20,937  INFO [main] outstationStepDef:14 - place is send in page to
2022-01-17 15:19:21,851  INFO [main] outstationStepDef:14 - place is clicked in page to
2022-01-17 15:19:27,015  INFO [main] outstationStepDef:14 - selected is clicked in page select
2022-01-17 15:19:29,340  INFO [main] outstationStepDef:14 - Successfully verified
2022-01-17 15:19:32,159  INFO [main] outstationStepDef:14 - home page is clicked in page home page
2022-01-17 15:19:45,975  INFO [main] validpageStepDef:14 - URL Opened
2022-01-17 15:19:49,391  INFO [main] validpageStepDef:14 - round is clicked in page round
2022-01-17 15:19:50,479  INFO [main] validpageStepDef:14 - from place is clicked in page from
2022-01-17 15:19:51,324  INFO [main] validpageStepDef:14 - place is send in page from
2022-01-17 15:19:52,244  INFO [main] validpageStepDef:14 - place is clicked in page to
2022-01-17 15:19:53,140  INFO [main] validpageStepDef:14 - place is send in page to
2022-01-17 15:19:54,058  INFO [main] validpageStepDef:14 - place is clicked in page to
2022-01-17 15:19:59,406  INFO [main] validpageStepDef:14 - selected is clicked in page select
2022-01-17 15:20:02,390  INFO [main] validpageStepDef:14 - select car is clicked in page select
2022-01-17 15:20:03,778  INFO [main] validpageStepDef:14 - booking detail shown 
2022-01-17 15:20:04,639  INFO [main] validpageStepDef:14 - home page is clicked in page home page
2022-01-17 15:20:16,822  INFO [main] validpageStepDef:14 - URL Opened
2022-01-17 15:20:17,400  INFO [main] validpageStepDef:14 - Page opend with title Book Outstation Cabs, Local & Airport Taxi Service - India's Leading Car Rentals
